<?xml version="1.0" encoding="UTF-8"?>
<!-- Generated by org.testng.reporters.JUnitReportReporter -->
<testsuite hostname="DESKTOP-K6N0JTF" failures="0" tests="2" name="Testcase.testLogin" time="7.556" errors="0" timestamp="2022-10-22T07:09:59 PDT" skipped="0">
  <testcase classname="Testcase.testLogin" name="testInpatientUserLogin" time="5.191"/>
  <system-out/>
  <testcase classname="Testcase.testLogin" name="testIsolationUserLogin" time="2.365"/>
  <system-out/>
</testsuite> <!-- Testcase.testLogin -->
