<?xml version="1.0" encoding="UTF-8"?>
<!-- Generated by org.testng.reporters.JUnitReportReporter -->
<testsuite hostname="DESKTOP-K6N0JTF" failures="0" tests="1" name="Testcase.testLogout" time="1.791" errors="0" timestamp="2022-10-22T06:29:47 PDT" skipped="0">
  <testcase classname="Testcase.testLogout" name="testuserLogout" time="1.791"/>
  <system-out/>
</testsuite> <!-- Testcase.testLogout -->
